  Building 'echo' with toolset 'WindowsKernelModeDriver10.0' and the 'Universal' target platform.
  Stamping x64\Debug\echo.inf
  Stamping [Version] section with DriverVer=01/03/2019,14.49.28.955
  device.c
  driver.c
  queue.c
  正在生成代码...
  echo.vcxproj -> F:\work_space\git_repo_public\WINDOWS_DRIVER_SAMPLES\echo\x64\Debug\echo.sys
  Done Adding Additional Store
  Successfully signed: F:\work_space\git_repo_public\WINDOWS_DRIVER_SAMPLES\echo\x64\Debug\echo.sys
  
  Driver is a Universal Driver.
  ........................
  Signability test complete.
  
  Errors:
  None
  
  Warnings:
  None
  
  Catalog generation complete.
  F:\work_space\git_repo_public\WINDOWS_DRIVER_SAMPLES\echo\x64\Debug\echo\echo.cat
  Done Adding Additional Store
  Successfully signed: F:\work_space\git_repo_public\WINDOWS_DRIVER_SAMPLES\echo\x64\Debug\echo\echo.cat
  
