生成启动时间为 2018/11/15 星期四 16:03:10。
     1>项目“E:\Ascetic\WORKDIR\WIN_DRIVER\CharSample\CharSample\CharSample.vcxproj”在节点 2 上(Rebuild 个目标)。
     1>StampInf:
         C:\Program Files (x86)\Windows Kits\8.1\bin\x86\stampinf.exe -d "*" -a "x86" -v "*" -k "1.11" -u "1.11.0" -f Win7Debug\CharSample.inf 
         Stamping Win7Debug\CharSample.inf [Version] section with DriverVer=11/15/2018,16.3.10.856
       ClCompile:
         D:\Microsoft\Microsoft Visual Studio 12.0\VC\bin\CL.exe /c /IWin7Debug\ /Zi /nologo /W3 /WX /Od /Oi /Oy- /D _X86_=1 /D i386=1 /D STD_CALL /D DEPRECATE_DDK_FUNCTIONS=1 /D MSC_NOOPT /D _WIN32_WINNT=0x0601 /D WINVER=0x0601 /D WINNT=1 /D NTDDI_VERSION=0x06010000 /D DBG=1 /D KMDF_VERSION_MAJOR=1 /D KMDF_VERSION_MINOR=11 /GF /Gm- /Zp8 /GS /Gy /fp:precise /Zc:wchar_t- /Zc:forScope- /GR- /Fo"Win7Debug\\" /Fd"Win7Debug\vc120.pdb" /Gz /wd4748 /wd4603 /wd4627 /wd4986 /wd4987 /wd4996 /FI"C:\Program Files (x86)\Windows Kits\8.1\Include\Shared\warning.h" /analyze- /errorReport:prompt /kernel -cbstring /d1import_no_registry /d2AllowCompatibleILVersions /d2Zi+ device.c driver.c queue.c
         device.c
         driver.c
         queue.c
         正在生成代码...
       Link:
         D:\Microsoft\Microsoft Visual Studio 12.0\VC\bin\link.exe /ERRORREPORT:PROMPT /OUT:"E:\Ascetic\WORKDIR\WIN_DRIVER\CharSample\Win7Debug\CharSample.sys" /VERSION:"6.3" /INCREMENTAL:NO /NOLOGO /WX /SECTION:"INIT,d" "C:\Program Files (x86)\Windows Kits\8.1\lib\win7\KM\x86\memcmp.lib" "C:\Program Files (x86)\Windows Kits\8.1\lib\win7\KM\x86\BufferOverflowK.lib" "C:\Program Files (x86)\Windows Kits\8.1\lib\win7\KM\x86\ntoskrnl.lib" "C:\Program Files (x86)\Windows Kits\8.1\lib\win7\KM\x86\hal.lib" "C:\Program Files (x86)\Windows Kits\8.1\lib\win7\KM\x86\wmilib.lib" "C:\Program Files (x86)\Windows Kits\8.1\lib\wdf\kmdf\x86\1.11\WdfLdr.lib" "C:\Program Files (x86)\Windows Kits\8.1\lib\wdf\kmdf\x86\1.11\WdfDriverEntry.lib" /NODEFAULTLIB /MANIFEST:NO /DEBUG /PDB:"E:\Ascetic\WORKDIR\WIN_DRIVER\CharSample\Win7Debug\CharSample.pdb" /SUBSYSTEM:NATIVE,"6.01" /Driver /OPT:REF /OPT:ICF /ENTRY:"FxDriverEntry@8" /RELEASE /IMPLIB:"E:\Ascetic\WORKDIR\WIN_DRIVER\CharSample\Win7Debug\CharSample.lib" /MERGE:"_TEXT=.text;_PAGE=PAGE" /MACHINE:X86 /PROFILE /kernel /IGNORE:4198,4010,4037,4039,4065,4070,4078,4087,4089,4221 /osversion:6.3 /pdbcompress /debugtype:pdata Win7Debug\device.obj
         Win7Debug\driver.obj
         Win7Debug\queue.obj
         CharSample.vcxproj -> E:\Ascetic\WORKDIR\WIN_DRIVER\CharSample\Win7Debug\CharSample.sys
       DriverTestSign:
         C:\Program Files (x86)\Windows Kits\8.1\bin\x86\signtool.exe sign /ph /sha1 "9B279411237F0E69196403BEB215247221B28AAF" 
         Done Adding Additional Store
         Successfully signed: E:\Ascetic\WORKDIR\WIN_DRIVER\CharSample\Win7Debug\CharSample.sys
         
     1>已完成生成项目“E:\Ascetic\WORKDIR\WIN_DRIVER\CharSample\CharSample\CharSample.vcxproj”(Rebuild 个目标)的操作。

生成成功。

已用时间 00:00:02.15
