  Building 'kmdf_usb' with toolset 'WindowsKernelModeDriver10.0' and the 'Universal' target platform.
  Stamping x64\Debug\kmdf_usb.inf
  Stamping [Version] section with DriverVer=01/07/2019,22.28.18.906
  Bulk.c
  Device.c
  Driver.c
  Interrupt.c
  Ioctl.c
f:\work_space\git_repo_public\windows_driver_samples\kmdf_usb\kmdf_usb\ioctl.c(207): warning C4267: “函数”: 从“size_t”转换到“ULONG”，可能丢失数据
f:\work_space\git_repo_public\windows_driver_samples\kmdf_usb\kmdf_usb\ioctl.c(221): warning C4133: “函数”: 从“size_t *”到“PUSHORT”的类型不兼容
f:\work_space\git_repo_public\windows_driver_samples\kmdf_usb\kmdf_usb\ioctl.c(230): warning C4133: “函数”: 从“size_t *”到“PUSHORT”的类型不兼容
f:\work_space\git_repo_public\windows_driver_samples\kmdf_usb\kmdf_usb\ioctl.c(234): warning C4267: “=”: 从“size_t”转换到“ULONG”，可能丢失数据
f:\work_space\git_repo_public\windows_driver_samples\kmdf_usb\kmdf_usb\ioctl.c(370): warning C4267: “函数”: 从“size_t”转换到“ULONG”，可能丢失数据
f:\work_space\git_repo_public\windows_driver_samples\kmdf_usb\kmdf_usb\ioctl.c(379): warning C4267: “函数”: 从“size_t”转换到“ULONG”，可能丢失数据
f:\work_space\git_repo_public\windows_driver_samples\kmdf_usb\kmdf_usb\ioctl.c(415): warning C4100: “IoControlCode”: 未引用的形参
f:\work_space\git_repo_public\windows_driver_samples\kmdf_usb\kmdf_usb\ioctl.c(424): warning C4189: “pContext”: 局部变量已初始化但不引用
f:\work_space\git_repo_public\windows_driver_samples\kmdf_usb\kmdf_usb\ioctl.c(541): warning C4242: “函数”: 从“USHORT”转换到“UCHAR”，可能丢失数据
f:\work_space\git_repo_public\windows_driver_samples\kmdf_usb\kmdf_usb\ioctl.c(559): warning C4242: “函数”: 从“USHORT”转换到“UCHAR”，可能丢失数据
f:\work_space\git_repo_public\windows_driver_samples\kmdf_usb\kmdf_usb\ioctl.c(524): warning C4101: “memoryHandle”: 未引用的局部变量
f:\work_space\git_repo_public\windows_driver_samples\kmdf_usb\kmdf_usb\ioctl.c(523): warning C4101: “stringBuf”: 未引用的局部变量
f:\work_space\git_repo_public\windows_driver_samples\kmdf_usb\kmdf_usb\ioctl.c(628): warning C4018: “<”: 有符号/无符号不匹配
f:\work_space\git_repo_public\windows_driver_samples\kmdf_usb\kmdf_usb\ioctl.c(631): warning C4018: “<”: 有符号/无符号不匹配
f:\work_space\git_repo_public\windows_driver_samples\kmdf_usb\kmdf_usb\ioctl.c(641): warning C4244: “函数”: 从“int”转换到“USHORT”，可能丢失数据
f:\work_space\git_repo_public\windows_driver_samples\kmdf_usb\kmdf_usb\ioctl.c(619): warning C4101: “attributes”: 未引用的局部变量
f:\work_space\git_repo_public\windows_driver_samples\kmdf_usb\kmdf_usb\ioctl.c(704): warning C4242: “函数”: 从“ULONG”转换到“UCHAR”，可能丢失数据
  Queue.c
  正在生成代码...
f:\work_space\git_repo_public\windows_driver_samples\kmdf_usb\kmdf_usb\ioctl.c(661): warning C4701: 使用了可能未初始化的局部变量“ntStatus”
  kmdf_usb.vcxproj -> F:\work_space\git_repo_public\WINDOWS_DRIVER_SAMPLES\kmdf_usb\x64\Debug\kmdf_usb.sys
  Done Adding Additional Store
  Successfully signed: F:\work_space\git_repo_public\WINDOWS_DRIVER_SAMPLES\kmdf_usb\x64\Debug\kmdf_usb.sys
  
  Driver is a Universal Driver.
  ........................
  Signability test complete.
  
  Errors:
  None
  
  Warnings:
  None
  
  Catalog generation complete.
  F:\work_space\git_repo_public\WINDOWS_DRIVER_SAMPLES\kmdf_usb\x64\Debug\kmdf_usb\kmdf_usb.cat
  Done Adding Additional Store
  Successfully signed: F:\work_space\git_repo_public\WINDOWS_DRIVER_SAMPLES\kmdf_usb\x64\Debug\kmdf_usb\kmdf_usb.cat
  
