f:\work_space\git_repo_public\windows_driver_samples\kmdf_usb\kmdf_usb\x64\debug\vc141.pdb
f:\work_space\git_repo_public\windows_driver_samples\kmdf_usb\kmdf_usb\x64\debug\queue.obj
f:\work_space\git_repo_public\windows_driver_samples\kmdf_usb\kmdf_usb\x64\debug\ioctl.obj
f:\work_space\git_repo_public\windows_driver_samples\kmdf_usb\kmdf_usb\x64\debug\interrupt.obj
f:\work_space\git_repo_public\windows_driver_samples\kmdf_usb\kmdf_usb\x64\debug\driver.obj
f:\work_space\git_repo_public\windows_driver_samples\kmdf_usb\kmdf_usb\x64\debug\device.obj
f:\work_space\git_repo_public\windows_driver_samples\kmdf_usb\kmdf_usb\x64\debug\bulk.obj
f:\work_space\git_repo_public\windows_driver_samples\kmdf_usb\x64\debug\kmdf_usb\kmdf_usb.cat
f:\work_space\git_repo_public\windows_driver_samples\kmdf_usb\x64\debug\kmdf_usb.sys
f:\work_space\git_repo_public\windows_driver_samples\kmdf_usb\x64\debug\kmdf_usb.pdb
f:\work_space\git_repo_public\windows_driver_samples\kmdf_usb\kmdf_usb\x64\debug\kmdf_usb.inf
f:\work_space\git_repo_public\windows_driver_samples\kmdf_usb\kmdf_usb\x64\debug\bulk.tmh
f:\work_space\git_repo_public\windows_driver_samples\kmdf_usb\kmdf_usb\x64\debug\device.tmh
f:\work_space\git_repo_public\windows_driver_samples\kmdf_usb\kmdf_usb\x64\debug\driver.tmh
f:\work_space\git_repo_public\windows_driver_samples\kmdf_usb\kmdf_usb\x64\debug\interrupt.tmh
f:\work_space\git_repo_public\windows_driver_samples\kmdf_usb\kmdf_usb\x64\debug\ioctl.tmh
f:\work_space\git_repo_public\windows_driver_samples\kmdf_usb\kmdf_usb\x64\debug\queue.tmh
f:\work_space\git_repo_public\windows_driver_samples\kmdf_usb\x64\debug\kmdf_usb.cer
f:\work_space\git_repo_public\windows_driver_samples\kmdf_usb\x64\debug\kmdf_usb.inf
f:\work_space\git_repo_public\windows_driver_samples\kmdf_usb\kmdf_usb\x64\debug\kmdf_usb.tlog\cl.command.1.tlog
f:\work_space\git_repo_public\windows_driver_samples\kmdf_usb\kmdf_usb\x64\debug\kmdf_usb.tlog\cl.read.1.tlog
f:\work_space\git_repo_public\windows_driver_samples\kmdf_usb\kmdf_usb\x64\debug\kmdf_usb.tlog\cl.write.1.tlog
f:\work_space\git_repo_public\windows_driver_samples\kmdf_usb\kmdf_usb\x64\debug\kmdf_usb.tlog\inf2cat-expand.840.read.1.tlog
f:\work_space\git_repo_public\windows_driver_samples\kmdf_usb\kmdf_usb\x64\debug\kmdf_usb.tlog\inf2cat-expand.840.write.1.tlog
f:\work_space\git_repo_public\windows_driver_samples\kmdf_usb\kmdf_usb\x64\debug\kmdf_usb.tlog\inf2cat-expand.read.1.tlog
f:\work_space\git_repo_public\windows_driver_samples\kmdf_usb\kmdf_usb\x64\debug\kmdf_usb.tlog\inf2cat-expand.write.1.tlog
f:\work_space\git_repo_public\windows_driver_samples\kmdf_usb\kmdf_usb\x64\debug\kmdf_usb.tlog\inf2cat.command.1.tlog
f:\work_space\git_repo_public\windows_driver_samples\kmdf_usb\kmdf_usb\x64\debug\kmdf_usb.tlog\inf2cat.read.1.tlog
f:\work_space\git_repo_public\windows_driver_samples\kmdf_usb\kmdf_usb\x64\debug\kmdf_usb.tlog\inf2cat.write.1.tlog
f:\work_space\git_repo_public\windows_driver_samples\kmdf_usb\kmdf_usb\x64\debug\kmdf_usb.tlog\link.command.1.tlog
f:\work_space\git_repo_public\windows_driver_samples\kmdf_usb\kmdf_usb\x64\debug\kmdf_usb.tlog\link.read.1.tlog
f:\work_space\git_repo_public\windows_driver_samples\kmdf_usb\kmdf_usb\x64\debug\kmdf_usb.tlog\link.write.1.tlog
f:\work_space\git_repo_public\windows_driver_samples\kmdf_usb\kmdf_usb\x64\debug\kmdf_usb.tlog\signtool.command.1.tlog
f:\work_space\git_repo_public\windows_driver_samples\kmdf_usb\kmdf_usb\x64\debug\kmdf_usb.tlog\signtool.read.1.tlog
f:\work_space\git_repo_public\windows_driver_samples\kmdf_usb\kmdf_usb\x64\debug\kmdf_usb.tlog\signtool.timestamp.1.tlog
f:\work_space\git_repo_public\windows_driver_samples\kmdf_usb\kmdf_usb\x64\debug\kmdf_usb.tlog\signtool.write.1.tlog
f:\work_space\git_repo_public\windows_driver_samples\kmdf_usb\kmdf_usb\x64\debug\kmdf_usb.tlog\stampinf.command.1.tlog
f:\work_space\git_repo_public\windows_driver_samples\kmdf_usb\kmdf_usb\x64\debug\kmdf_usb.tlog\stampinf.read.1.tlog
f:\work_space\git_repo_public\windows_driver_samples\kmdf_usb\kmdf_usb\x64\debug\kmdf_usb.tlog\stampinf.write.1.tlog
f:\work_space\git_repo_public\windows_driver_samples\kmdf_usb\kmdf_usb\x64\debug\kmdf_usb.tlog\tracewpp.command.1.tlog
f:\work_space\git_repo_public\windows_driver_samples\kmdf_usb\kmdf_usb\x64\debug\kmdf_usb.tlog\tracewpp.read.1.tlog
f:\work_space\git_repo_public\windows_driver_samples\kmdf_usb\kmdf_usb\x64\debug\kmdf_usb.tlog\tracewpp.write.1.tlog
